PID: 20620
Experiment Description: 
########## Model HPs ##########
tau: 0.2
cl_weight: 0.1
mu: 0.7
########## Model Parameters ##########
learning rate: 0.0010
context_hops: 2
node_dropout: 1
node_dropout_rate: 0.5
mess_dropout: 1
mess_dropout_rate: 0.1
all_embed: torch.Size([42296, 64])
interact_mat: torch.Size([2625, 2625])
edge_index: torch.Size([2, 332742])
edge_type: torch.Size([332742])
Pretraining RecVAE for 50 epochs (enc 3 / dec 1)...
RecVAE 預訓練完成，已更新 KGCL 的 user embeddings。
Starting KGCL training...
Negative sampling time: 0.31s
train_cf_triples shape: (65641, 3)
Epoch 0000 | CF Time: 24.8s | KG Time: 12.6s | Mean KG Loss: 0.6880
shape mismatch: indexing tensors could not be broadcast together with shapes [943], [1024]
Traceback (most recent call last):
  File "E:\Labs\KGVAE\run_kgvae.py", line 172, in <module>
    ret = evaluator.test(model, user_dict, n_params)
  File "E:\Labs\KGVAE\utils\evaluator.py", line 157, in test
    i_rate_batch = model.scores(
  File "E:\Labs\KGVAE\modules\KGVAE\kgvae.py", line 522, in scores
    vae_scores = rec_scores[user_indices, item_indices]
IndexError: shape mismatch: indexing tensors could not be broadcast together with shapes [943], [1024]
