PID: 23060
Experiment Description: 
########## Model HPs ##########
tau: 0.2
cl_weight: 0.1
mu: 0.7
########## Model Parameters ##########
learning rate: 0.0010
context_hops: 2
node_dropout: 1
node_dropout_rate: 0.5
mess_dropout: 1
mess_dropout_rate: 0.1
all_embed: torch.Size([42296, 64])
interact_mat: torch.Size([2625, 2625])
edge_index: torch.Size([2, 332742])
edge_type: torch.Size([332742])
Pretraining RecVAE for 50 epochs (enc 3 / dec 1)...
Pretraining of RecVAE complete; KGCL user embeddings have been updated.
Starting KGCL training...
Negative sampling time: 0.32s
train_cf_triples shape: (65641, 3)
Epoch 0000 | CF Time: 23.5s | KG Time: 13.5s | Mean KG Loss: 0.6880

+-------+---------+---------+--------------+--------------+--------------+--------------+
| Epoch | CF Time | KG Time |    Recall    |     NDCG     |  Precision   |  Hit Ratio   |
+-------+---------+---------+--------------+--------------+--------------+--------------+
|   0   |   23.5  |   13.5  | [0.15137899] | [0.25922572] | [0.21505832] | [0.80699894] |
+-------+---------+---------+--------------+--------------+--------------+--------------+
### Found better model at epoch 0
Negative sampling time: 0.39s
train_cf_triples shape: (65641, 3)
Epoch 0001 | CF Time: 23.9s | KG Time: 13.2s | Mean KG Loss: 0.6826

+-------+---------+---------+--------------+--------------+--------------+--------------+
| Epoch | CF Time | KG Time |    Recall    |     NDCG     |  Precision   |  Hit Ratio   |
+-------+---------+---------+--------------+--------------+--------------+--------------+
|   1   |   23.9  |   13.2  | [0.16951711] | [0.28230764] | [0.23361612] | [0.84835631] |
+-------+---------+---------+--------------+--------------+--------------+--------------+
### Found better model at epoch 1
Negative sampling time: 0.31s
train_cf_triples shape: (65641, 3)
Epoch 0002 | CF Time: 23.8s | KG Time: 13.7s | Mean KG Loss: 0.6778

+-------+---------+---------+--------------+--------------+-------------+--------------+
| Epoch | CF Time | KG Time |    Recall    |     NDCG     |  Precision  |  Hit Ratio   |
+-------+---------+---------+--------------+--------------+-------------+--------------+
|   2   |   23.8  |   13.7  | [0.18450927] | [0.30490772] | [0.2552492] | [0.86426299] |
+-------+---------+---------+--------------+--------------+-------------+--------------+
### Found better model at epoch 2
Negative sampling time: 0.31s
train_cf_triples shape: (65641, 3)
