PID: 12868
Experiment Description: 
########## Model HPs ##########
tau: 0.2
cl_weight: 0.5
mu: 0.7
########## Model Parameters ##########
learning rate: 0.0010
context_hops: 2
node_dropout: 1
node_dropout_rate: 0.5
mess_dropout: 1
mess_dropout_rate: 0.1
all_embed: torch.Size([42296, 64])
interact_mat: torch.Size([2625, 2625])
edge_index: torch.Size([2, 332742])
edge_type: torch.Size([332742])
Pretraining RecVAE for 50 epochs (enc 3 / dec 1)...
RecVAE pretraining complete. Final encoder loss=972.9319, decoder loss=971.6530
Pretraining of RecVAE complete; KGCL user embeddings have been updated.
Starting KGCL training...
Negative sampling time: 0.32s
train_cf_triples shape: (65641, 3)
Epoch 0000 | CF Time: 23.5s | KG Time: 12.7s | Mean KG Loss: 0.6882

+-------+---------+---------+--------------+--------------+--------------+--------------+
| Epoch | CF Time | KG Time |    Recall    |     NDCG     |  Precision   |  Hit Ratio   |
+-------+---------+---------+--------------+--------------+--------------+--------------+
|   0   |   23.5  |   12.7  | [0.11958638] | [0.21292205] | [0.17433722] | [0.76033934] |
+-------+---------+---------+--------------+--------------+--------------+--------------+
### Found better model at epoch 0
Negative sampling time: 0.31s
train_cf_triples shape: (65641, 3)
Epoch 0001 | CF Time: 23.0s | KG Time: 12.4s | Mean KG Loss: 0.6817

+-------+---------+---------+--------------+--------------+--------------+--------------+
| Epoch | CF Time | KG Time |    Recall    |     NDCG     |  Precision   |  Hit Ratio   |
+-------+---------+---------+--------------+--------------+--------------+--------------+
|   1   |   23.0  |   12.4  | [0.10500525] | [0.18962993] | [0.15811241] | [0.72110286] |
+-------+---------+---------+--------------+--------------+--------------+--------------+
Negative sampling time: 0.31s
train_cf_triples shape: (65641, 3)
