PID: 16068
Experiment Description: 
########## Model HPs ##########
tau: 0.2
cl_weight: 0.1
mu: 0.7
########## Model Parameters ##########
learning rate: 0.0010
context_hops: 2
node_dropout: 1
node_dropout_rate: 0.5
mess_dropout: 1
mess_dropout_rate: 0.1
all_embed: torch.Size([42296, 64])
interact_mat: torch.Size([2625, 2625])
edge_index: torch.Size([2, 332742])
edge_type: torch.Size([332742])
Pretraining RecVAE for 50 epochs (enc 3 / dec 1)...
Pretraining of RecVAE complete; KGCL user embeddings have been updated.
RecVAE pretraining complete. Final encoder loss=2217.2701, decoder loss=1022.4699
Starting KGCL training...
Negative sampling time: 0.32s
train_cf_triples shape: (65641, 3)
Epoch 0000 | CF Time: 22.9s | KG Time: 12.8s | Mean KG Loss: 0.6875

+-------+---------+---------+--------------+-------------+--------------+--------------+
| Epoch | CF Time | KG Time |    Recall    |     NDCG    |  Precision   |  Hit Ratio   |
+-------+---------+---------+--------------+-------------+--------------+--------------+
|   0   |   22.9  |   12.8  | [0.12942727] | [0.1866703] | [0.15546129] | [0.74867444] |
+-------+---------+---------+--------------+-------------+--------------+--------------+
### Found better model at epoch 0
Negative sampling time: 0.31s
train_cf_triples shape: (65641, 3)
Epoch 0001 | CF Time: 22.7s | KG Time: 12.7s | Mean KG Loss: 0.6828

+-------+---------+---------+--------------+--------------+--------------+-------------+
| Epoch | CF Time | KG Time |    Recall    |     NDCG     |  Precision   |  Hit Ratio  |
+-------+---------+---------+--------------+--------------+--------------+-------------+
|   1   |   22.7  |   12.7  | [0.13925375] | [0.20940356] | [0.17264051] | [0.7804878] |
+-------+---------+---------+--------------+--------------+--------------+-------------+
### Found better model at epoch 1
Negative sampling time: 0.32s
train_cf_triples shape: (65641, 3)
